EDA Netlist Writer report for FreqDiv177
Sun Dec 26 19:05:52 2021
Quartus Prime Version 20.1.1 Build 720 11/11/2020 SJ Lite Edition


---------------------
; Table of Contents ;
---------------------
  1. Legal Notice
  2. EDA Netlist Writer Summary
  3. Simulation Settings
  4. Simulation Generated Files
  5. EDA Netlist Writer Messages



----------------
; Legal Notice ;
----------------
Copyright (C) 2020  Intel Corporation. All rights reserved.
Your use of Intel Corporation's design tools, logic functions 
and other software and tools, and any partner logic 
functions, and any output files from any of the foregoing 
(including device programming or simulation files), and any 
associated documentation or information are expressly subject 
to the terms and conditions of the Intel Program License 
Subscription Agreement, the Intel Quartus Prime License Agreement,
the Intel FPGA IP License Agreement, or other applicable license
agreement, including, without limitation, that your use is for
the sole purpose of programming logic devices manufactured by
Intel and sold by Intel or its authorized distributors.  Please
refer to the applicable agreement for further details, at
https://fpgasoftware.intel.com/eula.



+-------------------------------------------------------------------+
; EDA Netlist Writer Summary                                        ;
+---------------------------+---------------------------------------+
; EDA Netlist Writer Status ; Successful - Sun Dec 26 19:05:52 2021 ;
; Revision Name             ; FreqDiv177                            ;
; Top-level Entity Name     ; FreqDiv177                            ;
; Family                    ; Cyclone IV GX                         ;
; Simulation Files Creation ; Successful                            ;
+---------------------------+---------------------------------------+


+-------------------------------------------------------------------------------------------------------------------------------+
; Simulation Settings                                                                                                           ;
+---------------------------------------------------------------------------------------------------+---------------------------+
; Option                                                                                            ; Setting                   ;
+---------------------------------------------------------------------------------------------------+---------------------------+
; Tool Name                                                                                         ; ModelSim-Altera (Verilog) ;
; Generate functional simulation netlist                                                            ; Off                       ;
; Time scale                                                                                        ; 1 ps                      ;
; Truncate long hierarchy paths                                                                     ; Off                       ;
; Map illegal HDL characters                                                                        ; Off                       ;
; Flatten buses into individual nodes                                                               ; Off                       ;
; Maintain hierarchy                                                                                ; Off                       ;
; Bring out device-wide set/reset signals as ports                                                  ; Off                       ;
; Enable glitch filtering                                                                           ; Off                       ;
; Do not write top level VHDL entity                                                                ; Off                       ;
; Disable detection of setup and hold time violations in the input registers of bi-directional pins ; Off                       ;
; Architecture name in VHDL output netlist                                                          ; structure                 ;
; Generate third-party EDA tool command script for RTL functional simulation                        ; Off                       ;
; Generate third-party EDA tool command script for gate-level simulation                            ; Off                       ;
+---------------------------------------------------------------------------------------------------+---------------------------+


+---------------------------------------------------------------------------------------------------------------------+
; Simulation Generated Files                                                                                          ;
+---------------------------------------------------------------------------------------------------------------------+
; Generated Files                                                                                                     ;
+---------------------------------------------------------------------------------------------------------------------+
; G:/Uni/term 3/madar manteghi/Computer Assignments/CA5/b/i/simulation/modelsim/FreqDiv177_7_1200mv_125c_slow.vo      ;
; G:/Uni/term 3/madar manteghi/Computer Assignments/CA5/b/i/simulation/modelsim/FreqDiv177_7_1200mv_-40c_slow.vo      ;
; G:/Uni/term 3/madar manteghi/Computer Assignments/CA5/b/i/simulation/modelsim/FreqDiv177_min_1200mv_-40c_fast.vo    ;
; G:/Uni/term 3/madar manteghi/Computer Assignments/CA5/b/i/simulation/modelsim/FreqDiv177.vo                         ;
; G:/Uni/term 3/madar manteghi/Computer Assignments/CA5/b/i/simulation/modelsim/FreqDiv177_7_1200mv_125c_v_slow.sdo   ;
; G:/Uni/term 3/madar manteghi/Computer Assignments/CA5/b/i/simulation/modelsim/FreqDiv177_7_1200mv_-40c_v_slow.sdo   ;
; G:/Uni/term 3/madar manteghi/Computer Assignments/CA5/b/i/simulation/modelsim/FreqDiv177_min_1200mv_-40c_v_fast.sdo ;
; G:/Uni/term 3/madar manteghi/Computer Assignments/CA5/b/i/simulation/modelsim/FreqDiv177_v.sdo                      ;
+---------------------------------------------------------------------------------------------------------------------+


+-----------------------------+
; EDA Netlist Writer Messages ;
+-----------------------------+
Info: *******************************************************************
Info: Running Quartus Prime EDA Netlist Writer
    Info: Version 20.1.1 Build 720 11/11/2020 SJ Lite Edition
    Info: Processing started: Sun Dec 26 19:05:51 2021
Info: Command: quartus_eda --read_settings_files=off --write_settings_files=off FreqDiv177 -c FreqDiv177
Warning (18236): Number of processors has not been specified which may cause overloading on shared machines.  Set the global assignment NUM_PARALLEL_PROCESSORS in your QSF to an appropriate value for best performance.
Info (204019): Generated file FreqDiv177_7_1200mv_125c_slow.vo in folder "G:/Uni/term 3/madar manteghi/Computer Assignments/CA5/b/i/simulation/modelsim/" for EDA simulation tool
Info (204019): Generated file FreqDiv177_7_1200mv_-40c_slow.vo in folder "G:/Uni/term 3/madar manteghi/Computer Assignments/CA5/b/i/simulation/modelsim/" for EDA simulation tool
Info (204019): Generated file FreqDiv177_min_1200mv_-40c_fast.vo in folder "G:/Uni/term 3/madar manteghi/Computer Assignments/CA5/b/i/simulation/modelsim/" for EDA simulation tool
Info (204019): Generated file FreqDiv177.vo in folder "G:/Uni/term 3/madar manteghi/Computer Assignments/CA5/b/i/simulation/modelsim/" for EDA simulation tool
Info (204019): Generated file FreqDiv177_7_1200mv_125c_v_slow.sdo in folder "G:/Uni/term 3/madar manteghi/Computer Assignments/CA5/b/i/simulation/modelsim/" for EDA simulation tool
Info (204019): Generated file FreqDiv177_7_1200mv_-40c_v_slow.sdo in folder "G:/Uni/term 3/madar manteghi/Computer Assignments/CA5/b/i/simulation/modelsim/" for EDA simulation tool
Info (204019): Generated file FreqDiv177_min_1200mv_-40c_v_fast.sdo in folder "G:/Uni/term 3/madar manteghi/Computer Assignments/CA5/b/i/simulation/modelsim/" for EDA simulation tool
Info (204019): Generated file FreqDiv177_v.sdo in folder "G:/Uni/term 3/madar manteghi/Computer Assignments/CA5/b/i/simulation/modelsim/" for EDA simulation tool
Info: Quartus Prime EDA Netlist Writer was successful. 0 errors, 1 warning
    Info: Peak virtual memory: 4713 megabytes
    Info: Processing ended: Sun Dec 26 19:05:52 2021
    Info: Elapsed time: 00:00:01
    Info: Total CPU time (on all processors): 00:00:01


